<?xml version="1.0" encoding="UTF-8"?>
<!-- Generated by org.testng.reporters.JUnitReportReporter -->
<testsuite hostname="DESKTOP-HN5IFF8" failures="0" tests="1" name="jtracer.TestRobot" time="21.685" errors="0" timestamp="16 May 2021 12:07:19 GMT" skipped="0">
  <testcase classname="jtracer.TestRobot" name="setUp" time="21.685"/>
</testsuite> <!-- jtracer.TestRobot -->
