<?xml version="1.0" encoding="UTF-8"?>
<!-- Generated by org.testng.reporters.JUnitReportReporter -->
<testsuite hostname="PF1CNSZ5" failures="0" tests="1" name="jtracer.TestImportBookingWizard" time="95.709" errors="0" timestamp="22 May 2021 15:16:34 GMT" skipped="0">
  <testcase classname="jtracer.TestImportBookingWizard" name="LoginToJTracker" time="95.709"/>
</testsuite> <!-- jtracer.TestImportBookingWizard -->
