<?xml version="1.0" encoding="UTF-8"?>
<!-- Generated by org.testng.reporters.JUnitReportReporter -->
<testsuite hostname="DESKTOP-HN5IFF8" failures="0" tests="1" name="jtracer.TestImportBookingWizard" time="97.804" errors="0" timestamp="22 May 2021 10:30:56 GMT" skipped="0">
  <testcase classname="jtracer.TestImportBookingWizard" name="LoginToJTracker" time="97.804"/>
</testsuite> <!-- jtracer.TestImportBookingWizard -->
